
=== Mon Oct  8 12:42:21 2018

Packages were changed.
Update Mode: updateDependencies

The following packages were added:
  com.unity.collab-proxy@1.2.9
The following packages were updated:
  com.unity.analytics from version 2.0.16 to 3.0.9
  com.unity.package-manager-ui from version 1.9.11 to 2.0.0-preview.7
  com.unity.render-pipelines.lightweight from version 3.0.0-preview to 3.3.0-preview
  com.unity.shadergraph from version 3.0.0-preview to 3.3.0-preview
  com.unity.textmeshpro from version 1.2.4 to 1.3.0

=== Wed Oct 10 14:54:34 2018

Packages were changed.
Update Mode: updateDependencies

The following packages were updated:
  com.unity.package-manager-ui from version 2.0.0-preview.7 to 2.0.1

=== Sun Feb 20 11:28:17 2022

Packages were changed.
Update Mode: updateDependencies

The following packages were added:
  com.unity.2d.sprite@1.0.0
  com.unity.2d.tilemap@1.0.0
  com.unity.ide.rider@1.2.1
  com.unity.ide.visualstudio@2.0.14
  com.unity.ide.vscode@1.2.4
  com.unity.modules.androidjni@1.0.0
  com.unity.multiplayer-hlapi@1.0.8
  com.unity.test-framework@1.1.30
  com.unity.timeline@1.2.18
  com.unity.ugui@1.0.0
  com.unity.xr.legacyinputhelpers@2.1.8
The following packages were updated:
  com.unity.ads from version 2.3.1 to 3.7.5
  com.unity.analytics from version 3.2.2 to 3.6.12
  com.unity.collab-proxy from version 1.2.15 to 1.14.12
  com.unity.purchasing from version 2.0.3 to 4.1.2
  com.unity.textmeshpro from version 1.3.0 to 2.1.4
  com.unity.xr.arcore from version 1.0.0-preview.24 to 2.1.19
  com.unity.xr.arfoundation from version 1.0.0-preview.22 to 2.1.19
  com.unity.xr.arkit from version 1.0.0-preview.17 to 2.1.19
The following packages were removed:
  com.unity.package-manager-ui@2.0.3
